<?xml version="1.0" encoding="UTF-8"?>
<!-- Generated by org.testng.reporters.JUnitXMLReporter -->
<testsuite hostname="DESKTOP-VDTB34U" name="Command line test" tests="9" failures="0" timestamp="22 Sep 2017 18:23:41 GMT" time="0.025" errors="0">
  <testcase name="GroupTest" time="0.002" classname="first.lesson.GroupTest"/>
  <testcase name="UserId" time="0.0" classname="first.lesson.ParamsTest"/>
  <testcase name="UserId" time="0.0" classname="first.lesson.ParamsTest"/>
  <testcase name="SecondTest" time="0.0" classname="first.lesson.TestngSecondDemo"/>
  <testcase name="ThirdTest" time="0.0" classname="first.lesson.TestngSecondDemo"/>
  <testcase name="FourthTest" time="0.002" classname="first.lesson.TestngSecondDemo"/>
  <testcase name="SecondTest" time="0.0" classname="first.lesson.TestngDemo"/>
  <testcase name="FirstTest" time="0.0" classname="first.lesson.TestngDemo"/>
  <testcase name="FirstTest" time="0.0" classname="first.lesson.TestngSecondDemo"/>
</testsuite> <!-- Command line test -->
