<?xml version="1.0" encoding="UTF-8"?>
<!-- Generated by org.testng.reporters.JUnitXMLReporter -->
<testsuite hostname="DESKTOP-VDTB34U" name="testingtesting" tests="6" failures="0" timestamp="22 Sep 2017 17:22:47 GMT" time="0.015" errors="0">
  <testcase name="SecondTest" time="0.0" classname="first.lesson.TestngSecondDemo"/>
  <testcase name="ThirdTest" time="0.0" classname="first.lesson.TestngSecondDemo"/>
  <testcase name="FourthTest" time="0.0" classname="first.lesson.TestngSecondDemo"/>
  <testcase name="FirstTest" time="0.0" classname="first.lesson.TestngSecondDemo"/>
  <testcase name="SecondTest" time="0.0" classname="first.lesson.TestngDemo"/>
  <testcase name="FirstTest" time="0.0" classname="first.lesson.TestngDemo"/>
</testsuite> <!-- testingtesting -->
